<?xml version="1.0" encoding="UTF-8" ?>
<testsuite errors="0" failures="0" hostname="Nastya-PC" name="Test.MatrixTemplateTest" tests="2" time="0.042" timestamp="2014-05-04T19:58:21">
  <properties>
[...]
</properties>
  <testcase classname="Test.MatrixTemplateTest" name="testPutElement" time="0.005" />
  <testcase classname="Test.MatrixTemplateTest" name="testIsEmpty" time="0.0" />
  <system-out><![CDATA[]]></system-out>
  <system-err><![CDATA[log4j:WARN No appenders could be found for logger (Test.MatrixTemplateTest).
log4j:WARN Please initialize the log4j system properly.
log4j:WARN See http://logging.apache.org/log4j/1.2/faq.html#noconfig for more info.
]]></system-err>
</testsuite>
